This file contains any messages produced by compilers while
running configure, to aid debugging if configure makes a mistake.

It was created by jansson configure 2.5-dev, which was
generated by GNU Autoconf 2.69.  Invocation command line was

  $ ./configure 

## --------- ##
## Platform. ##
## --------- ##

hostname = guowen
uname -m = x86_64
uname -r = 3.10.0-514.26.2.el7.x86_64
uname -s = Linux
uname -v = #1 SMP Tue Jul 4 15:04:05 UTC 2017

/usr/bin/uname -p = x86_64
/bin/uname -X     = unknown

/bin/arch              = x86_64
/usr/bin/arch -k       = unknown
/usr/convex/getsysinfo = unknown
/usr/bin/hostinfo      = unknown
/bin/machine           = unknown
/usr/bin/oslevel       = unknown
/bin/universe          = unknown

PATH: /root/.cargo/bin
PATH: /root/.cargo/bin
PATH: /usr/local/sbin
PATH: /usr/local/bin
PATH: /usr/sbin
PATH: /usr/bin
PATH: /root/bin
PATH: /home/env/go/bin
PATH: /home/work/go/gopath/bin
PATH: /usr/local/java/jdk1.8.0_131/bin
PATH: /usr/local/java/jdk1.8.0_131/jre/bin
PATH: /root/.fzf/bin
PATH: /usr/local/git/bin
PATH: /usr/local/git/bin


## ----------- ##
## Core tests. ##
## ----------- ##

configure:2332: checking for a BSD-compatible install
configure:2400: result: /usr/bin/install -c
configure:2411: checking whether build environment is sane
configure:2466: result: yes
configure:2617: checking for a thread-safe mkdir -p
configure:2656: result: /usr/bin/mkdir -p
configure:2663: checking for gawk
configure:2679: found /usr/bin/gawk
configure:2690: result: gawk
configure:2701: checking whether make sets $(MAKE)
configure:2723: result: yes
configure:2752: checking whether make supports nested variables
configure:2769: result: yes
configure:2907: checking for gcc
configure:2923: found /usr/bin/gcc
configure:2934: result: gcc
configure:3163: checking for C compiler version
configure:3172: gcc --version >&5
gcc (GCC) 4.8.5 20150623 (Red Hat 4.8.5-36)
Copyright (C) 2015 Free Software Foundation, Inc.
This is free software; see the source for copying conditions.  There is NO
warranty; not even for MERCHANTABILITY or FITNESS FOR A PARTICULAR PURPOSE.

configure:3183: $? = 0
configure:3172: gcc -v >&5
Using built-in specs.
COLLECT_GCC=gcc
COLLECT_LTO_WRAPPER=/usr/libexec/gcc/x86_64-redhat-linux/4.8.5/lto-wrapper
Target: x86_64-redhat-linux
Configured with: ../configure --prefix=/usr --mandir=/usr/share/man --infodir=/usr/share/info --with-bugurl=http://bugzilla.redhat.com/bugzilla --enable-bootstrap --enable-shared --enable-threads=posix --enable-checking=release --with-system-zlib --enable-__cxa_atexit --disable-libunwind-exceptions --enable-gnu-unique-object --enable-linker-build-id --with-linker-hash-style=gnu --enable-languages=c,c++,objc,obj-c++,java,fortran,ada,go,lto --enable-plugin --enable-initfini-array --disable-libgcj --with-isl=/builddir/build/BUILD/gcc-4.8.5-20150702/obj-x86_64-redhat-linux/isl-install --with-cloog=/builddir/build/BUILD/gcc-4.8.5-20150702/obj-x86_64-redhat-linux/cloog-install --enable-gnu-indirect-function --with-tune=generic --with-arch_32=x86-64 --build=x86_64-redhat-linux
Thread model: posix
gcc version 4.8.5 20150623 (Red Hat 4.8.5-36) (GCC) 
configure:3183: $? = 0
configure:3172: gcc -V >&5
gcc: error: unrecognized command line option '-V'
gcc: fatal error: no input files
compilation terminated.
configure:3183: $? = 4
configure:3172: gcc -qversion >&5
gcc: error: unrecognized command line option '-qversion'
gcc: fatal error: no input files
compilation terminated.
configure:3183: $? = 4
configure:3203: checking whether the C compiler works
configure:3225: gcc    conftest.c  >&5
configure:3229: $? = 0
configure:3277: result: yes
configure:3280: checking for C compiler default output file name
configure:3282: result: a.out
configure:3288: checking for suffix of executables
configure:3295: gcc -o conftest    conftest.c  >&5
configure:3299: $? = 0
configure:3321: result: 
configure:3343: checking whether we are cross compiling
configure:3351: gcc -o conftest    conftest.c  >&5
configure:3355: $? = 0
configure:3362: ./conftest
configure:3366: $? = 0
configure:3381: result: no
configure:3386: checking for suffix of object files
configure:3408: gcc -c   conftest.c >&5
configure:3412: $? = 0
configure:3433: result: o
configure:3437: checking whether we are using the GNU C compiler
configure:3456: gcc -c   conftest.c >&5
configure:3456: $? = 0
configure:3465: result: yes
configure:3474: checking whether gcc accepts -g
configure:3494: gcc -c -g  conftest.c >&5
configure:3494: $? = 0
configure:3535: result: yes
configure:3552: checking for gcc option to accept ISO C89
configure:3615: gcc  -c -g -O2  conftest.c >&5
configure:3615: $? = 0
configure:3628: result: none needed
configure:3659: checking for style of include used by make
configure:3687: result: GNU
configure:3713: checking dependency style of gcc
configure:3824: result: gcc3
configure:3868: checking build system type
configure:3882: result: x86_64-unknown-linux-gnu
configure:3902: checking host system type
configure:3915: result: x86_64-unknown-linux-gnu
configure:3956: checking how to print strings
configure:3983: result: printf
configure:4004: checking for a sed that does not truncate output
configure:4068: result: /usr/bin/sed
configure:4086: checking for grep that handles long lines and -e
configure:4144: result: /usr/bin/grep
configure:4149: checking for egrep
configure:4211: result: /usr/bin/grep -E
configure:4216: checking for fgrep
configure:4278: result: /usr/bin/grep -F
configure:4313: checking for ld used by gcc
configure:4380: result: /usr/bin/ld
configure:4387: checking if the linker (/usr/bin/ld) is GNU ld
configure:4402: result: yes
configure:4414: checking for BSD- or MS-compatible name lister (nm)
configure:4463: result: /usr/bin/nm -B
configure:4593: checking the name lister (/usr/bin/nm -B) interface
configure:4600: gcc -c -g -O2  conftest.c >&5
configure:4603: /usr/bin/nm -B "conftest.o"
configure:4606: output
0000000000000000 B some_variable
configure:4613: result: BSD nm
configure:4616: checking whether ln -s works
configure:4620: result: yes
configure:4628: checking the maximum length of command line arguments
configure:4758: result: 1572864
configure:4775: checking whether the shell understands some XSI constructs
configure:4785: result: yes
configure:4789: checking whether the shell understands "+="
configure:4795: result: yes
configure:4830: checking how to convert x86_64-unknown-linux-gnu file names to x86_64-unknown-linux-gnu format
configure:4870: result: func_convert_file_noop
configure:4877: checking how to convert x86_64-unknown-linux-gnu file names to toolchain format
configure:4897: result: func_convert_file_noop
configure:4904: checking for /usr/bin/ld option to reload object files
configure:4911: result: -r
configure:4985: checking for objdump
configure:5001: found /usr/bin/objdump
configure:5012: result: objdump
configure:5044: checking how to recognize dependent libraries
configure:5246: result: pass_all
configure:5331: checking for dlltool
configure:5361: result: no
configure:5391: checking how to associate runtime and link libraries
configure:5418: result: printf %s\n
configure:5479: checking for ar
configure:5495: found /usr/bin/ar
configure:5506: result: ar
configure:5543: checking for archiver @FILE support
configure:5560: gcc -c -g -O2  conftest.c >&5
configure:5560: $? = 0
configure:5563: ar cru libconftest.a @conftest.lst >&5
configure:5566: $? = 0
configure:5571: ar cru libconftest.a @conftest.lst >&5
ar: conftest.o: No such file or directory
configure:5574: $? = 1
configure:5586: result: @
configure:5644: checking for strip
configure:5660: found /usr/bin/strip
configure:5671: result: strip
configure:5743: checking for ranlib
configure:5759: found /usr/bin/ranlib
configure:5770: result: ranlib
configure:5872: checking command to parse /usr/bin/nm -B output from gcc object
configure:5992: gcc -c -g -O2  conftest.c >&5
configure:5995: $? = 0
configure:5999: /usr/bin/nm -B conftest.o \| sed -n -e 's/^.*[ ]\([ABCDGIRSTW][ABCDGIRSTW]*\)[ ][ ]*\([_A-Za-z][_A-Za-z0-9]*\)$/\1 \2 \2/p' | sed '/ __gnu_lto/d' \> conftest.nm
configure:6002: $? = 0
configure:6068: gcc -o conftest -g -O2   conftest.c conftstm.o >&5
configure:6071: $? = 0
configure:6109: result: ok
configure:6146: checking for sysroot
configure:6176: result: no
configure:6253: gcc -c -g -O2  conftest.c >&5
configure:6256: $? = 0
configure:6432: checking for mt
configure:6462: result: no
configure:6482: checking if : is a manifest tool
configure:6488: : '-?'
configure:6496: result: no
configure:7138: checking how to run the C preprocessor
configure:7169: gcc -E  conftest.c
configure:7169: $? = 0
configure:7183: gcc -E  conftest.c
conftest.c:11:28: fatal error: ac_nonexistent.h: No such file or directory
 #include <ac_nonexistent.h>
                            ^
compilation terminated.
configure:7183: $? = 1
configure: failed program was:
| /* confdefs.h */
| #define PACKAGE_NAME "jansson"
| #define PACKAGE_TARNAME "jansson"
| #define PACKAGE_VERSION "2.5-dev"
| #define PACKAGE_STRING "jansson 2.5-dev"
| #define PACKAGE_BUGREPORT "petri@digip.org"
| #define PACKAGE_URL ""
| #define PACKAGE "jansson"
| #define VERSION "2.5-dev"
| /* end confdefs.h.  */
| #include <ac_nonexistent.h>
configure:7208: result: gcc -E
configure:7228: gcc -E  conftest.c
configure:7228: $? = 0
configure:7242: gcc -E  conftest.c
conftest.c:11:28: fatal error: ac_nonexistent.h: No such file or directory
 #include <ac_nonexistent.h>
                            ^
compilation terminated.
configure:7242: $? = 1
configure: failed program was:
| /* confdefs.h */
| #define PACKAGE_NAME "jansson"
| #define PACKAGE_TARNAME "jansson"
| #define PACKAGE_VERSION "2.5-dev"
| #define PACKAGE_STRING "jansson 2.5-dev"
| #define PACKAGE_BUGREPORT "petri@digip.org"
| #define PACKAGE_URL ""
| #define PACKAGE "jansson"
| #define VERSION "2.5-dev"
| /* end confdefs.h.  */
| #include <ac_nonexistent.h>
configure:7271: checking for ANSI C header files
configure:7291: gcc -c -g -O2  conftest.c >&5
configure:7291: $? = 0
configure:7364: gcc -o conftest -g -O2   conftest.c  >&5
configure:7364: $? = 0
configure:7364: ./conftest
configure:7364: $? = 0
configure:7375: result: yes
configure:7388: checking for sys/types.h
configure:7388: gcc -c -g -O2  conftest.c >&5
configure:7388: $? = 0
configure:7388: result: yes
configure:7388: checking for sys/stat.h
configure:7388: gcc -c -g -O2  conftest.c >&5
configure:7388: $? = 0
configure:7388: result: yes
configure:7388: checking for stdlib.h
configure:7388: gcc -c -g -O2  conftest.c >&5
configure:7388: $? = 0
configure:7388: result: yes
configure:7388: checking for string.h
configure:7388: gcc -c -g -O2  conftest.c >&5
configure:7388: $? = 0
configure:7388: result: yes
configure:7388: checking for memory.h
configure:7388: gcc -c -g -O2  conftest.c >&5
configure:7388: $? = 0
configure:7388: result: yes
configure:7388: checking for strings.h
configure:7388: gcc -c -g -O2  conftest.c >&5
configure:7388: $? = 0
configure:7388: result: yes
configure:7388: checking for inttypes.h
configure:7388: gcc -c -g -O2  conftest.c >&5
configure:7388: $? = 0
configure:7388: result: yes
configure:7388: checking for stdint.h
configure:7388: gcc -c -g -O2  conftest.c >&5
configure:7388: $? = 0
configure:7388: result: yes
configure:7388: checking for unistd.h
configure:7388: gcc -c -g -O2  conftest.c >&5
configure:7388: $? = 0
configure:7388: result: yes
configure:7402: checking for dlfcn.h
configure:7402: gcc -c -g -O2  conftest.c >&5
configure:7402: $? = 0
configure:7402: result: yes
configure:7608: checking for objdir
configure:7623: result: .libs
configure:7890: checking if gcc supports -fno-rtti -fno-exceptions
configure:7908: gcc -c -g -O2  -fno-rtti -fno-exceptions conftest.c >&5
cc1: warning: command line option '-fno-rtti' is valid for C++/ObjC++ but not for C [enabled by default]
configure:7912: $? = 0
configure:7925: result: no
configure:8252: checking for gcc option to produce PIC
configure:8259: result: -fPIC -DPIC
configure:8267: checking if gcc PIC flag -fPIC -DPIC works
configure:8285: gcc -c -g -O2  -fPIC -DPIC -DPIC conftest.c >&5
configure:8289: $? = 0
configure:8302: result: yes
configure:8331: checking if gcc static flag -static works
configure:8359: result: no
configure:8374: checking if gcc supports -c -o file.o
configure:8395: gcc -c -g -O2  -o out/conftest2.o conftest.c >&5
configure:8399: $? = 0
configure:8421: result: yes
configure:8429: checking if gcc supports -c -o file.o
configure:8476: result: yes
configure:8509: checking whether the gcc linker (/usr/bin/ld -m elf_x86_64) supports shared libraries
configure:9662: result: yes
configure:9699: checking whether -lc should be explicitly linked in
configure:9707: gcc -c -g -O2  conftest.c >&5
configure:9710: $? = 0
configure:9725: gcc -shared  -fPIC -DPIC conftest.o  -v -Wl,-soname -Wl,conftest -o conftest 2\>\&1 \| /usr/bin/grep  -lc  \>/dev/null 2\>\&1
configure:9728: $? = 0
configure:9742: result: no
configure:9902: checking dynamic linker characteristics
configure:10413: gcc -o conftest -g -O2   -Wl,-rpath -Wl,/foo conftest.c  >&5
configure:10413: $? = 0
configure:10639: result: GNU/Linux ld.so
configure:10746: checking how to hardcode library paths into programs
configure:10771: result: immediate
configure:11311: checking whether stripping libraries is possible
configure:11316: result: yes
configure:11351: checking if libtool supports shared libraries
configure:11353: result: yes
configure:11356: checking whether to build shared libraries
configure:11377: result: yes
configure:11380: checking whether to build static libraries
configure:11384: result: yes
configure:11435: checking locale.h usability
configure:11435: gcc -c -g -O2  conftest.c >&5
configure:11435: $? = 0
configure:11435: result: yes
configure:11435: checking locale.h presence
configure:11435: gcc -E  conftest.c
configure:11435: $? = 0
configure:11435: result: yes
configure:11435: checking for locale.h
configure:11435: result: yes
configure:11447: checking for int32_t
configure:11447: gcc -c -g -O2  conftest.c >&5
configure:11447: $? = 0
configure:11447: gcc -c -g -O2  conftest.c >&5
conftest.c: In function 'main':
conftest.c:62:53: warning: integer overflow in expression [-Woverflow]
    < (int32_t) (((((int32_t) 1 << N) << N) - 1) * 2 + 2))];
                                                     ^
conftest.c:61:12: error: storage size of 'test_array' isn't constant
 static int test_array [1 - 2 * !((int32_t) (((((int32_t) 1 << N) << N) - 1) * 2 + 1)
            ^
configure:11447: $? = 1
configure: failed program was:
| /* confdefs.h */
| #define PACKAGE_NAME "jansson"
| #define PACKAGE_TARNAME "jansson"
| #define PACKAGE_VERSION "2.5-dev"
| #define PACKAGE_STRING "jansson 2.5-dev"
| #define PACKAGE_BUGREPORT "petri@digip.org"
| #define PACKAGE_URL ""
| #define PACKAGE "jansson"
| #define VERSION "2.5-dev"
| #define STDC_HEADERS 1
| #define HAVE_SYS_TYPES_H 1
| #define HAVE_SYS_STAT_H 1
| #define HAVE_STDLIB_H 1
| #define HAVE_STRING_H 1
| #define HAVE_MEMORY_H 1
| #define HAVE_STRINGS_H 1
| #define HAVE_INTTYPES_H 1
| #define HAVE_STDINT_H 1
| #define HAVE_UNISTD_H 1
| #define HAVE_DLFCN_H 1
| #define LT_OBJDIR ".libs/"
| #define HAVE_LOCALE_H 1
| /* end confdefs.h.  */
| #include <stdio.h>
| #ifdef HAVE_SYS_TYPES_H
| # include <sys/types.h>
| #endif
| #ifdef HAVE_SYS_STAT_H
| # include <sys/stat.h>
| #endif
| #ifdef STDC_HEADERS
| # include <stdlib.h>
| # include <stddef.h>
| #else
| # ifdef HAVE_STDLIB_H
| #  include <stdlib.h>
| # endif
| #endif
| #ifdef HAVE_STRING_H
| # if !defined STDC_HEADERS && defined HAVE_MEMORY_H
| #  include <memory.h>
| # endif
| # include <string.h>
| #endif
| #ifdef HAVE_STRINGS_H
| # include <strings.h>
| #endif
| #ifdef HAVE_INTTYPES_H
| # include <inttypes.h>
| #endif
| #ifdef HAVE_STDINT_H
| # include <stdint.h>
| #endif
| #ifdef HAVE_UNISTD_H
| # include <unistd.h>
| #endif
| 	        enum { N = 32 / 2 - 1 };
| int
| main ()
| {
| static int test_array [1 - 2 * !((int32_t) (((((int32_t) 1 << N) << N) - 1) * 2 + 1)
| 		 < (int32_t) (((((int32_t) 1 << N) << N) - 1) * 2 + 2))];
| test_array [0] = 0;
| return test_array [0];
| 
|   ;
|   return 0;
| }
configure:11447: result: yes
configure:11459: checking for unsigned long long int
configure:11498: gcc -o conftest -g -O2   conftest.c  >&5
configure:11498: $? = 0
configure:11507: result: yes
configure:11517: checking for long long int
configure:11555: gcc -o conftest -g -O2   conftest.c  >&5
configure:11555: $? = 0
configure:11555: ./conftest
configure:11555: $? = 0
configure:11567: result: yes
configure:11576: checking for inline
configure:11592: gcc -c -g -O2  conftest.c >&5
configure:11592: $? = 0
configure:11600: result: inline
configure:11629: checking for strtoll
configure:11629: gcc -o conftest -g -O2   conftest.c  >&5
configure:11629: $? = 0
configure:11629: result: yes
configure:11629: checking for localeconv
configure:11629: gcc -o conftest -g -O2   conftest.c  >&5
configure:11629: $? = 0
configure:11629: result: yes
configure:11762: checking that generated files are newer than configure
configure:11768: result: done
configure:11795: creating ./config.status

## ---------------------- ##
## Running config.status. ##
## ---------------------- ##

This file was extended by jansson config.status 2.5-dev, which was
generated by GNU Autoconf 2.69.  Invocation command line was

  CONFIG_FILES    = 
  CONFIG_HEADERS  = 
  CONFIG_LINKS    = 
  CONFIG_COMMANDS = 
  $ ./config.status 

on guowen

config.status:1098: creating jansson.pc
config.status:1098: creating Makefile
config.status:1098: creating doc/Makefile
config.status:1098: creating src/Makefile
config.status:1098: creating src/jansson_config.h
config.status:1098: creating test/Makefile
config.status:1098: creating test/bin/Makefile
config.status:1098: creating test/suites/Makefile
config.status:1098: creating test/suites/api/Makefile
config.status:1098: creating config.h
config.status:1327: executing depfiles commands
config.status:1327: executing libtool commands

## ---------------- ##
## Cache variables. ##
## ---------------- ##

ac_cv_build=x86_64-unknown-linux-gnu
ac_cv_c_compiler_gnu=yes
ac_cv_c_inline=inline
ac_cv_c_int32_t=yes
ac_cv_env_CC_set=
ac_cv_env_CC_value=
ac_cv_env_CFLAGS_set=
ac_cv_env_CFLAGS_value=
ac_cv_env_CPPFLAGS_set=
ac_cv_env_CPPFLAGS_value=
ac_cv_env_CPP_set=
ac_cv_env_CPP_value=
ac_cv_env_LDFLAGS_set=
ac_cv_env_LDFLAGS_value=
ac_cv_env_LIBS_set=
ac_cv_env_LIBS_value=
ac_cv_env_build_alias_set=
ac_cv_env_build_alias_value=
ac_cv_env_host_alias_set=
ac_cv_env_host_alias_value=
ac_cv_env_target_alias_set=
ac_cv_env_target_alias_value=
ac_cv_func_localeconv=yes
ac_cv_func_strtoll=yes
ac_cv_header_dlfcn_h=yes
ac_cv_header_inttypes_h=yes
ac_cv_header_locale_h=yes
ac_cv_header_memory_h=yes
ac_cv_header_stdc=yes
ac_cv_header_stdint_h=yes
ac_cv_header_stdlib_h=yes
ac_cv_header_string_h=yes
ac_cv_header_strings_h=yes
ac_cv_header_sys_stat_h=yes
ac_cv_header_sys_types_h=yes
ac_cv_header_unistd_h=yes
ac_cv_host=x86_64-unknown-linux-gnu
ac_cv_objext=o
ac_cv_path_EGREP='/usr/bin/grep -E'
ac_cv_path_FGREP='/usr/bin/grep -F'
ac_cv_path_GREP=/usr/bin/grep
ac_cv_path_SED=/usr/bin/sed
ac_cv_path_install='/usr/bin/install -c'
ac_cv_path_mkdir=/usr/bin/mkdir
ac_cv_prog_AWK=gawk
ac_cv_prog_CPP='gcc -E'
ac_cv_prog_ac_ct_AR=ar
ac_cv_prog_ac_ct_CC=gcc
ac_cv_prog_ac_ct_OBJDUMP=objdump
ac_cv_prog_ac_ct_RANLIB=ranlib
ac_cv_prog_ac_ct_STRIP=strip
ac_cv_prog_cc_c89=
ac_cv_prog_cc_g=yes
ac_cv_prog_make_make_set=yes
ac_cv_type_long_long_int=yes
ac_cv_type_unsigned_long_long_int=yes
am_cv_CC_dependencies_compiler_type=gcc3
am_cv_make_support_nested_variables=yes
lt_cv_ar_at_file=@
lt_cv_archive_cmds_need_lc=no
lt_cv_deplibs_check_method=pass_all
lt_cv_file_magic_cmd='$MAGIC_CMD'
lt_cv_file_magic_test_file=
lt_cv_ld_reload_flag=-r
lt_cv_nm_interface='BSD nm'
lt_cv_objdir=.libs
lt_cv_path_LD=/usr/bin/ld
lt_cv_path_NM='/usr/bin/nm -B'
lt_cv_path_mainfest_tool=no
lt_cv_prog_compiler_c_o=yes
lt_cv_prog_compiler_pic='-fPIC -DPIC'
lt_cv_prog_compiler_pic_works=yes
lt_cv_prog_compiler_rtti_exceptions=no
lt_cv_prog_compiler_static_works=no
lt_cv_prog_gnu_ld=yes
lt_cv_sharedlib_from_linklib_cmd='printf %s\n'
lt_cv_shlibpath_overrides_runpath=no
lt_cv_sys_global_symbol_pipe='sed -n -e '\''s/^.*[	 ]\([ABCDGIRSTW][ABCDGIRSTW]*\)[	 ][	 ]*\([_A-Za-z][_A-Za-z0-9]*\)$/\1 \2 \2/p'\'' | sed '\''/ __gnu_lto/d'\'''
lt_cv_sys_global_symbol_to_c_name_address='sed -n -e '\''s/^: \([^ ]*\)[ ]*$/  {\"\1\", (void *) 0},/p'\'' -e '\''s/^[ABCDGIRSTW]* \([^ ]*\) \([^ ]*\)$/  {"\2", (void *) \&\2},/p'\'''
lt_cv_sys_global_symbol_to_c_name_address_lib_prefix='sed -n -e '\''s/^: \([^ ]*\)[ ]*$/  {\"\1\", (void *) 0},/p'\'' -e '\''s/^[ABCDGIRSTW]* \([^ ]*\) \(lib[^ ]*\)$/  {"\2", (void *) \&\2},/p'\'' -e '\''s/^[ABCDGIRSTW]* \([^ ]*\) \([^ ]*\)$/  {"lib\2", (void *) \&\2},/p'\'''
lt_cv_sys_global_symbol_to_cdecl='sed -n -e '\''s/^T .* \(.*\)$/extern int \1();/p'\'' -e '\''s/^[ABCDGIRSTW]* .* \(.*\)$/extern char \1;/p'\'''
lt_cv_sys_max_cmd_len=1572864
lt_cv_to_host_file_cmd=func_convert_file_noop
lt_cv_to_tool_file_cmd=func_convert_file_noop

## ----------------- ##
## Output variables. ##
## ----------------- ##

ACLOCAL='${SHELL} /home/code/c++/aerospike-server/modules/jansson/missing aclocal-1.13'
AMDEPBACKSLASH='\'
AMDEP_FALSE='#'
AMDEP_TRUE=''
AMTAR='$${TAR-tar}'
AM_BACKSLASH='\'
AM_DEFAULT_V='$(AM_DEFAULT_VERBOSITY)'
AM_DEFAULT_VERBOSITY='1'
AM_V='$(V)'
AR='ar'
AUTOCONF='${SHELL} /home/code/c++/aerospike-server/modules/jansson/missing autoconf'
AUTOHEADER='${SHELL} /home/code/c++/aerospike-server/modules/jansson/missing autoheader'
AUTOMAKE='${SHELL} /home/code/c++/aerospike-server/modules/jansson/missing automake-1.13'
AWK='gawk'
CC='gcc'
CCDEPMODE='depmode=gcc3'
CFLAGS='-g -O2'
CPP='gcc -E'
CPPFLAGS=''
CYGPATH_W='echo'
DEFS='-DHAVE_CONFIG_H'
DEPDIR='.deps'
DLLTOOL='false'
DSYMUTIL=''
DUMPBIN=''
ECHO_C=''
ECHO_N='-n'
ECHO_T=''
EGREP='/usr/bin/grep -E'
EXEEXT=''
FGREP='/usr/bin/grep -F'
GCC_FALSE='#'
GCC_TRUE=''
GREP='/usr/bin/grep'
INSTALL_DATA='${INSTALL} -m 644'
INSTALL_PROGRAM='${INSTALL}'
INSTALL_SCRIPT='${INSTALL}'
INSTALL_STRIP_PROGRAM='$(install_sh) -c -s'
LD='/usr/bin/ld -m elf_x86_64'
LDFLAGS=''
LIBOBJS=''
LIBS=''
LIBTOOL='$(SHELL) $(top_builddir)/libtool'
LIPO=''
LN_S='ln -s'
LTLIBOBJS=''
MAKEINFO='${SHELL} /home/code/c++/aerospike-server/modules/jansson/missing makeinfo'
MANIFEST_TOOL=':'
MKDIR_P='/usr/bin/mkdir -p'
NM='/usr/bin/nm -B'
NMEDIT=''
OBJDUMP='objdump'
OBJEXT='o'
OTOOL64=''
OTOOL=''
PACKAGE='jansson'
PACKAGE_BUGREPORT='petri@digip.org'
PACKAGE_NAME='jansson'
PACKAGE_STRING='jansson 2.5-dev'
PACKAGE_TARNAME='jansson'
PACKAGE_URL=''
PACKAGE_VERSION='2.5-dev'
PATH_SEPARATOR=':'
RANLIB='ranlib'
SED='/usr/bin/sed'
SET_MAKE=''
SHELL='/bin/sh'
STRIP='strip'
VERSION='2.5-dev'
ac_ct_AR='ar'
ac_ct_CC='gcc'
ac_ct_DUMPBIN=''
am__EXEEXT_FALSE=''
am__EXEEXT_TRUE='#'
am__fastdepCC_FALSE='#'
am__fastdepCC_TRUE=''
am__include='include'
am__isrc=''
am__leading_dot='.'
am__nodep='_no'
am__quote=''
am__tar='$${TAR-tar} chof - "$$tardir"'
am__untar='$${TAR-tar} xf -'
bindir='${exec_prefix}/bin'
build='x86_64-unknown-linux-gnu'
build_alias=''
build_cpu='x86_64'
build_os='linux-gnu'
build_vendor='unknown'
datadir='${datarootdir}'
datarootdir='${prefix}/share'
docdir='${datarootdir}/doc/${PACKAGE_TARNAME}'
dvidir='${docdir}'
exec_prefix='${prefix}'
host='x86_64-unknown-linux-gnu'
host_alias=''
host_cpu='x86_64'
host_os='linux-gnu'
host_vendor='unknown'
htmldir='${docdir}'
includedir='${prefix}/include'
infodir='${datarootdir}/info'
install_sh='${SHELL} /home/code/c++/aerospike-server/modules/jansson/install-sh'
json_have_localeconv='1'
json_have_long_long='1'
json_inline='inline'
libdir='${exec_prefix}/lib'
libexecdir='${exec_prefix}/libexec'
localedir='${datarootdir}/locale'
localstatedir='${prefix}/var'
mandir='${datarootdir}/man'
mkdir_p='$(MKDIR_P)'
oldincludedir='/usr/include'
pdfdir='${docdir}'
prefix='/usr/local'
program_transform_name='s,x,x,'
psdir='${docdir}'
sbindir='${exec_prefix}/sbin'
sharedstatedir='${prefix}/com'
sysconfdir='${prefix}/etc'
target_alias=''

## ----------- ##
## confdefs.h. ##
## ----------- ##

/* confdefs.h */
#define PACKAGE_NAME "jansson"
#define PACKAGE_TARNAME "jansson"
#define PACKAGE_VERSION "2.5-dev"
#define PACKAGE_STRING "jansson 2.5-dev"
#define PACKAGE_BUGREPORT "petri@digip.org"
#define PACKAGE_URL ""
#define PACKAGE "jansson"
#define VERSION "2.5-dev"
#define STDC_HEADERS 1
#define HAVE_SYS_TYPES_H 1
#define HAVE_SYS_STAT_H 1
#define HAVE_STDLIB_H 1
#define HAVE_STRING_H 1
#define HAVE_MEMORY_H 1
#define HAVE_STRINGS_H 1
#define HAVE_INTTYPES_H 1
#define HAVE_STDINT_H 1
#define HAVE_UNISTD_H 1
#define HAVE_DLFCN_H 1
#define LT_OBJDIR ".libs/"
#define HAVE_LOCALE_H 1
#define HAVE_UNSIGNED_LONG_LONG_INT 1
#define HAVE_LONG_LONG_INT 1
#define HAVE_STRTOLL 1
#define HAVE_LOCALECONV 1

configure: exit 0
